2022-08-10T20:13:56.901+0200 [DEBUG] [org.gradle.launcher.daemon.bootstrap.DaemonMain] Assuming the daemon was started with following jvm opts: [--add-opens, java.base/java.util=ALL-UNNAMED, --add-opens, java.base/java.lang=ALL-UNNAMED, --add-opens, java.base/java.lang.invoke=ALL-UNNAMED, --add-opens, java.base/java.util=ALL-UNNAMED, --add-opens, java.prefs/java.util.prefs=ALL-UNNAMED, --add-opens, java.prefs/java.util.prefs=ALL-UNNAMED, --add-opens, java.base/java.nio.charset=ALL-UNNAMED, --add-opens, java.base/java.net=ALL-UNNAMED, --add-opens, java.base/java.util.concurrent.atomic=ALL-UNNAMED, -Xmx2048m, -Dfile.encoding=UTF-8, -Duser.country=US, -Duser.language=en, -Duser.variant]
2022-08-10T20:13:57.029+0200 [INFO] [org.gradle.launcher.daemon.server.Daemon] start() called on daemon - DefaultDaemonContext[uid=2af32466-0e39-405e-b2e2-26ac93c4d927,javaHome=/home/mama/.jdks/openjdk-18,daemonRegistryDir=/home/mama/Documents/vfbgbg/jiii/jjioooop/NatureCollection/gradle/daemon,pid=49180,idleTimeout=10800000,priority=NORMAL,daemonOpts=--add-opens,java.base/java.util=ALL-UNNAMED,--add-opens,java.base/java.lang=ALL-UNNAMED,--add-opens,java.base/java.lang.invoke=ALL-UNNAMED,--add-opens,java.base/java.util=ALL-UNNAMED,--add-opens,java.prefs/java.util.prefs=ALL-UNNAMED,--add-opens,java.prefs/java.util.prefs=ALL-UNNAMED,--add-opens,java.base/java.nio.charset=ALL-UNNAMED,--add-opens,java.base/java.net=ALL-UNNAMED,--add-opens,java.base/java.util.concurrent.atomic=ALL-UNNAMED,-Xmx2048m,-Dfile.encoding=UTF-8,-Duser.country=US,-Duser.language=en,-Duser.variant]
2022-08-10T20:13:57.051+0200 [DEBUG] [org.gradle.internal.remote.internal.inet.InetAddresses] Adding IP addresses for network interface usb0
2022-08-10T20:13:57.051+0200 [DEBUG] [org.gradle.internal.remote.internal.inet.InetAddresses] Is this a loopback interface? false
2022-08-10T20:13:57.051+0200 [DEBUG] [org.gradle.internal.remote.internal.inet.InetAddresses] Adding remote address /fe80:0:0:0:72ec:6e49:cd40:1bd1%usb0
2022-08-10T20:13:57.052+0200 [DEBUG] [org.gradle.internal.remote.internal.inet.InetAddresses] Adding remote address /192.168.42.249
2022-08-10T20:13:57.052+0200 [DEBUG] [org.gradle.internal.remote.internal.inet.InetAddresses] Adding IP addresses for network interface lo
2022-08-10T20:13:57.052+0200 [DEBUG] [org.gradle.internal.remote.internal.inet.InetAddresses] Is this a loopback interface? true
2022-08-10T20:13:57.053+0200 [DEBUG] [org.gradle.internal.remote.internal.inet.InetAddresses] Adding loopback address /0:0:0:0:0:0:0:1%lo
2022-08-10T20:13:57.053+0200 [DEBUG] [org.gradle.internal.remote.internal.inet.InetAddresses] Adding loopback address /127.0.0.1
2022-08-10T20:13:57.055+0200 [DEBUG] [org.gradle.internal.remote.internal.inet.TcpIncomingConnector] Listening on [a6a7d745-8640-43cd-bd32-578a8c92885a port:46069, addresses:[localhost/127.0.0.1]].
2022-08-10T20:13:57.070+0200 [DEBUG] [org.gradle.launcher.daemon.server.Daemon] Daemon starting at: Wed Aug 10 20:13:57 CEST 2022, with address: [a6a7d745-8640-43cd-bd32-578a8c92885a port:46069, addresses:[localhost/127.0.0.1]]
2022-08-10T20:13:57.070+0200 [INFO] [org.gradle.launcher.daemon.server.DaemonRegistryUpdater] Advertising the daemon address to the clients: [a6a7d745-8640-43cd-bd32-578a8c92885a port:46069, addresses:[localhost/127.0.0.1]]
2022-08-10T20:13:57.075+0200 [DEBUG] [org.gradle.launcher.daemon.server.DaemonRegistryUpdater] Advertised daemon context: DefaultDaemonContext[uid=2af32466-0e39-405e-b2e2-26ac93c4d927,javaHome=/home/mama/.jdks/openjdk-18,daemonRegistryDir=/home/mama/Documents/vfbgbg/jiii/jjioooop/NatureCollection/gradle/daemon,pid=49180,idleTimeout=10800000,priority=NORMAL,daemonOpts=--add-opens,java.base/java.util=ALL-UNNAMED,--add-opens,java.base/java.lang=ALL-UNNAMED,--add-opens,java.base/java.lang.invoke=ALL-UNNAMED,--add-opens,java.base/java.util=ALL-UNNAMED,--add-opens,java.prefs/java.util.prefs=ALL-UNNAMED,--add-opens,java.prefs/java.util.prefs=ALL-UNNAMED,--add-opens,java.base/java.nio.charset=ALL-UNNAMED,--add-opens,java.base/java.net=ALL-UNNAMED,--add-opens,java.base/java.util.concurrent.atomic=ALL-UNNAMED,-Xmx2048m,-Dfile.encoding=UTF-8,-Duser.country=US,-Duser.language=en,-Duser.variant]
2022-08-10T20:13:57.076+0200 [DEBUG] [org.gradle.launcher.daemon.registry.PersistentDaemonRegistry] Storing daemon address: [a6a7d745-8640-43cd-bd32-578a8c92885a port:46069, addresses:[localhost/127.0.0.1]], context: DefaultDaemonContext[uid=2af32466-0e39-405e-b2e2-26ac93c4d927,javaHome=/home/mama/.jdks/openjdk-18,daemonRegistryDir=/home/mama/Documents/vfbgbg/jiii/jjioooop/NatureCollection/gradle/daemon,pid=49180,idleTimeout=10800000,priority=NORMAL,daemonOpts=--add-opens,java.base/java.util=ALL-UNNAMED,--add-opens,java.base/java.lang=ALL-UNNAMED,--add-opens,java.base/java.lang.invoke=ALL-UNNAMED,--add-opens,java.base/java.util=ALL-UNNAMED,--add-opens,java.prefs/java.util.prefs=ALL-UNNAMED,--add-opens,java.prefs/java.util.prefs=ALL-UNNAMED,--add-opens,java.base/java.nio.charset=ALL-UNNAMED,--add-opens,java.base/java.net=ALL-UNNAMED,--add-opens,java.base/java.util.concurrent.atomic=ALL-UNNAMED,-Xmx2048m,-Dfile.encoding=UTF-8,-Duser.country=US,-Duser.language=en,-Duser.variant]
2022-08-10T20:13:57.084+0200 [DEBUG] [org.gradle.cache.internal.DefaultFileLockManager] Waiting to acquire exclusive lock on daemon addresses registry.
2022-08-10T20:13:57.087+0200 [DEBUG] [org.gradle.cache.internal.DefaultFileLockManager] Lock acquired on daemon addresses registry.
2022-08-10T20:13:57.091+0200 [DEBUG] [org.gradle.cache.internal.DefaultFileLockManager] Releasing lock on daemon addresses registry.
2022-08-10T20:13:57.091+0200 [LIFECYCLE] [org.gradle.launcher.daemon.server.Daemon] Daemon server started.
2022-08-10T20:13:57.093+0200 [DEBUG] [org.gradle.launcher.daemon.bootstrap.DaemonStartupCommunication] Completed writing the daemon greeting. Closing streams...
2022-08-10T20:13:57.096+0200 [DEBUG] [org.gradle.internal.remote.internal.inet.TcpIncomingConnector] Accepted connection from /127.0.0.1:57228 to /127.0.0.1:46069.
2022-08-10T20:13:57.099+0200 [DEBUG] [org.gradle.launcher.daemon.server.Daemon] stopOnExpiration() called on daemon
2022-08-10T20:13:57.100+0200 [DEBUG] [org.gradle.launcher.daemon.server.Daemon] awaitExpiration() called on daemon
2022-08-10T20:13:57.100+0200 [DEBUG] [org.gradle.launcher.daemon.server.DaemonStateCoordinator] daemon is running. Sleeping until state changes.
2022-08-10T20:13:57.141+0200 [DEBUG] [org.gradle.launcher.daemon.server.SynchronizedDispatchConnection] thread 21: received class org.gradle.launcher.daemon.protocol.Build
2022-08-10T20:13:57.141+0200 [DEBUG] [org.gradle.launcher.daemon.server.DefaultDaemonConnection] thread 21: Received non-IO message from client: Build{id=b9fa8622-baab-4f86-8e0e-7167b75e744b, currentDir=/home/mama/Documents/vfbgbg/jiii/jjioooop/NatureCollection}
2022-08-10T20:13:57.141+0200 [INFO] [org.gradle.launcher.daemon.server.DefaultIncomingConnectionHandler] Received command: Build{id=b9fa8622-baab-4f86-8e0e-7167b75e744b, currentDir=/home/mama/Documents/vfbgbg/jiii/jjioooop/NatureCollection}.
2022-08-10T20:13:57.142+0200 [DEBUG] [org.gradle.launcher.daemon.server.DefaultIncomingConnectionHandler] Starting executing command: Build{id=b9fa8622-baab-4f86-8e0e-7167b75e744b, currentDir=/home/mama/Documents/vfbgbg/jiii/jjioooop/NatureCollection} with connection: socket connection from /127.0.0.1:46069 to /127.0.0.1:57228.
2022-08-10T20:13:57.144+0200 [DEBUG] [org.gradle.launcher.daemon.server.DaemonStateCoordinator] Command execution: started DaemonCommandExecution[command = Build{id=b9fa8622-baab-4f86-8e0e-7167b75e744b, currentDir=/home/mama/Documents/vfbgbg/jiii/jjioooop/NatureCollection}, connection = DefaultDaemonConnection: socket connection from /127.0.0.1:46069 to /127.0.0.1:57228] after 0.0 minutes of idle
2022-08-10T20:13:57.144+0200 [INFO] [org.gradle.launcher.daemon.server.DaemonRegistryUpdater] Marking the daemon as busy, address: [a6a7d745-8640-43cd-bd32-578a8c92885a port:46069, addresses:[localhost/127.0.0.1]]
2022-08-10T20:13:57.145+0200 [DEBUG] [org.gradle.launcher.daemon.registry.PersistentDaemonRegistry] Marking busy by address: [a6a7d745-8640-43cd-bd32-578a8c92885a port:46069, addresses:[localhost/127.0.0.1]]
2022-08-10T20:13:57.145+0200 [DEBUG] [org.gradle.cache.internal.DefaultFileLockManager] Waiting to acquire exclusive lock on daemon addresses registry.
2022-08-10T20:13:57.146+0200 [DEBUG] [org.gradle.cache.internal.DefaultFileLockManager] Lock acquired on daemon addresses registry.
2022-08-10T20:13:57.147+0200 [DEBUG] [org.gradle.cache.internal.DefaultFileLockManager] Releasing lock on daemon addresses registry.
2022-08-10T20:13:57.147+0200 [DEBUG] [org.gradle.launcher.daemon.server.DaemonStateCoordinator] resetting idle timer
2022-08-10T20:13:57.148+0200 [DEBUG] [org.gradle.launcher.daemon.server.DaemonStateCoordinator] daemon is running. Sleeping until state changes.
2022-08-10T20:13:57.148+0200 [INFO] [org.gradle.launcher.daemon.server.exec.StartBuildOrRespondWithBusy] Daemon is about to start building Build{id=b9fa8622-baab-4f86-8e0e-7167b75e744b, currentDir=/home/mama/Documents/vfbgbg/jiii/jjioooop/NatureCollection}. Dispatching build started information...
2022-08-10T20:13:57.148+0200 [DEBUG] [org.gradle.launcher.daemon.server.SynchronizedDispatchConnection] thread 23: dispatching org.gradle.launcher.daemon.protocol.BuildStarted@4712246c
2022-08-10T20:13:57.150+0200 [DEBUG] [org.gradle.launcher.daemon.server.SynchronizedDispatchConnection] thread 21: received class org.gradle.launcher.daemon.protocol.CloseInput
2022-08-10T20:13:57.150+0200 [DEBUG] [org.gradle.launcher.daemon.server.DefaultDaemonConnection] thread 21: Received IO message from client: org.gradle.launcher.daemon.protocol.CloseInput@7bdb6a16
2022-08-10T20:13:57.150+0200 [DEBUG] [org.gradle.launcher.daemon.server.exec.EstablishBuildEnvironment] Configuring env variables: [PATH, XAUTHORITY, INVOCATION_ID, LC_MEASUREMENT, XMODIFIERS, LC_TELEPHONE, GDMSESSION, XDG_DATA_DIRS, LC_TIME, DBUS_SESSION_BUS_ADDRESS, XDG_CURRENT_DESKTOP, JOURNAL_STREAM, SSH_AGENT_PID, COLORTERM, LC_PAPER, USERNAME, SESSION_MANAGER, LOGNAME, PWD, MANAGERPID, IM_CONFIG_PHASE, GJS_DEBUG_TOPICS, SHELL, LESSOPEN, LC_ADDRESS, OLDPWD, GNOME_DESKTOP_SESSION_ID, GNOME_TERMINAL_SCREEN, GTK_MODULES, LS_COLORS, XDG_SESSION_DESKTOP, SHLVL, LC_IDENTIFICATION, LESSCLOSE, LC_MONETARY, QT_IM_MODULE, JAVA_HOME, TERM, GNOME_TERMINAL_SERVICE, XDG_CONFIG_DIRS, LANG, XDG_SESSION_TYPE, DISPLAY, LC_NAME, _, XDG_SESSION_CLASS, GPG_AGENT_INFO, DESKTOP_SESSION, USER, XDG_MENU_PREFIX, WINDOWPATH, VTE_VERSION, QT_ACCESSIBILITY, GJS_DEBUG_OUTPUT, LC_NUMERIC, SSH_AUTH_SOCK, GNOME_SHELL_SESSION_MODE, XDG_RUNTIME_DIR, HOME]
2022-08-10T20:13:57.154+0200 [DEBUG] [org.gradle.launcher.daemon.server.exec.LogToClient] About to start relaying all logs to the client via the connection.
2022-08-10T20:13:57.155+0200 [INFO] [org.gradle.launcher.daemon.server.exec.LogToClient] The client will now receive all logging from the daemon (pid: 49180). The daemon log file: /home/mama/Documents/vfbgbg/jiii/jjioooop/NatureCollection/gradle/daemon/7.3.3/daemon-49180.out.log
2022-08-10T20:13:57.156+0200 [INFO] [org.gradle.launcher.daemon.server.exec.LogAndCheckHealth] Starting build in new daemon [memory: 2 GiB]
2022-08-10T20:13:57.157+0200 [INFO] [org.gradle.launcher.daemon.server.exec.ForwardClientInput] Closing daemon's stdin at end of input.
2022-08-10T20:13:57.158+0200 [INFO] [org.gradle.launcher.daemon.server.exec.ForwardClientInput] The daemon will no longer process any standard input.
2022-08-10T20:13:57.160+0200 [DEBUG] [org.gradle.launcher.daemon.server.exec.ExecuteBuild] The daemon has started executing the build.
2022-08-10T20:13:57.160+0200 [DEBUG] [org.gradle.launcher.daemon.server.exec.ExecuteBuild] Executing build with daemon context: DefaultDaemonContext[uid=2af32466-0e39-405e-b2e2-26ac93c4d927,javaHome=/home/mama/.jdks/openjdk-18,daemonRegistryDir=/home/mama/Documents/vfbgbg/jiii/jjioooop/NatureCollection/gradle/daemon,pid=49180,idleTimeout=10800000,priority=NORMAL,daemonOpts=--add-opens,java.base/java.util=ALL-UNNAMED,--add-opens,java.base/java.lang=ALL-UNNAMED,--add-opens,java.base/java.lang.invoke=ALL-UNNAMED,--add-opens,java.base/java.util=ALL-UNNAMED,--add-opens,java.prefs/java.util.prefs=ALL-UNNAMED,--add-opens,java.prefs/java.util.prefs=ALL-UNNAMED,--add-opens,java.base/java.nio.charset=ALL-UNNAMED,--add-opens,java.base/java.net=ALL-UNNAMED,--add-opens,java.base/java.util.concurrent.atomic=ALL-UNNAMED,-Xmx2048m,-Dfile.encoding=UTF-8,-Duser.country=US,-Duser.language=en,-Duser.variant]

BUILD SUCCESSFUL in 13s
2022-08-10T20:14:07.129+0200 [DEBUG] [org.gradle.launcher.daemon.server.exec.ExecuteBuild] The daemon has finished executing the build.
2022-08-10T20:14:07.139+0200 [DEBUG] [org.gradle.launcher.daemon.server.DaemonStateCoordinator] daemon is running. Sleeping until state changes.
2022-08-10T20:14:07.139+0200 [DEBUG] [org.gradle.launcher.daemon.server.DaemonStateCoordinator] Command execution: finished waiting for DaemonCommandExecution[command = Build{id=b9fa8622-baab-4f86-8e0e-7167b75e744b, currentDir=/home/mama/Documents/vfbgbg/jiii/jjioooop/NatureCollection}, connection = DefaultDaemonConnection: socket connection from /127.0.0.1:46069 to /127.0.0.1:57228]. Result org.gradle.launcher.daemon.server.DaemonStateCoordinator@6744081a with state Busy
2022-08-10T20:14:07.139+0200 [DEBUG] [org.gradle.launcher.daemon.server.DaemonStateCoordinator] Command execution: completed DaemonCommandExecution[command = Build{id=b9fa8622-baab-4f86-8e0e-7167b75e744b, currentDir=/home/mama/Documents/vfbgbg/jiii/jjioooop/NatureCollection}, connection = DefaultDaemonConnection: socket connection from /127.0.0.1:46069 to /127.0.0.1:57228]
2022-08-10T20:14:07.140+0200 [DEBUG] [org.gradle.launcher.daemon.server.DaemonStateCoordinator] resetting idle timer
2022-08-10T20:14:07.140+0200 [INFO] [org.gradle.launcher.daemon.server.DaemonRegistryUpdater] Marking the daemon as idle, address: [a6a7d745-8640-43cd-bd32-578a8c92885a port:46069, addresses:[localhost/127.0.0.1]]
2022-08-10T20:14:07.140+0200 [DEBUG] [org.gradle.launcher.daemon.registry.PersistentDaemonRegistry] Marking busy by address: [a6a7d745-8640-43cd-bd32-578a8c92885a port:46069, addresses:[localhost/127.0.0.1]]
2022-08-10T20:14:07.140+0200 [DEBUG] [org.gradle.cache.internal.DefaultFileLockManager] Waiting to acquire exclusive lock on daemon addresses registry.
2022-08-10T20:14:07.141+0200 [DEBUG] [org.gradle.cache.internal.DefaultFileLockManager] Lock acquired on daemon addresses registry.
2022-08-10T20:14:07.141+0200 [DEBUG] [org.gradle.cache.internal.DefaultFileLockManager] Releasing lock on daemon addresses registry.
2022-08-10T20:14:07.142+0200 [DEBUG] [org.gradle.launcher.daemon.server.exec.ReturnResult] Daemon is dispatching the build result: Success[value=org.gradle.launcher.exec.BuildActionResult@7e95ee73]
2022-08-10T20:14:07.142+0200 [DEBUG] [org.gradle.launcher.daemon.server.SynchronizedDispatchConnection] thread 20: dispatching Success[value=org.gradle.launcher.exec.BuildActionResult@7e95ee73]
2022-08-10T20:14:07.142+0200 [DEBUG] [org.gradle.launcher.daemon.server.DaemonStateCoordinator] daemon is running. Sleeping until state changes.
2022-08-10T20:14:07.143+0200 [DEBUG] [org.gradle.launcher.daemon.server.DefaultIncomingConnectionHandler] Finishing executing command: Build{id=b9fa8622-baab-4f86-8e0e-7167b75e744b, currentDir=/home/mama/Documents/vfbgbg/jiii/jjioooop/NatureCollection}
2022-08-10T20:14:07.183+0200 [DEBUG] [org.gradle.launcher.daemon.server.SynchronizedDispatchConnection] thread 21: received class org.gradle.launcher.daemon.protocol.Finished
2022-08-10T20:14:07.183+0200 [DEBUG] [org.gradle.launcher.daemon.server.DefaultDaemonConnection] thread 21: Received non-IO message from client: org.gradle.launcher.daemon.protocol.Finished@44d65bf4
2022-08-10T20:14:07.184+0200 [DEBUG] [org.gradle.internal.remote.internal.inet.SocketConnection] Discarding EOFException: java.io.EOFException
2022-08-10T20:14:07.184+0200 [DEBUG] [org.gradle.launcher.daemon.server.SynchronizedDispatchConnection] thread 21: received null
2022-08-10T20:14:07.184+0200 [DEBUG] [org.gradle.launcher.daemon.server.DefaultDaemonConnection] thread 21: Received end-of-input from client.
2022-08-10T20:14:07.185+0200 [DEBUG] [org.gradle.launcher.daemon.server.DefaultIncomingConnectionHandler] Received finished message: null
2022-08-10T20:14:07.185+0200 [DEBUG] [org.gradle.launcher.daemon.server.SynchronizedDispatchConnection] thread 20: stopping connection
2022-08-10T20:14:07.186+0200 [DEBUG] [org.gradle.launcher.daemon.server.SynchronizedDispatchConnection] thread 20: stopping connection
2022-08-10T20:14:17.100+0200 [DEBUG] [org.gradle.cache.internal.DefaultFileLockManager] Waiting to acquire shared lock on daemon addresses registry.
2022-08-10T20:14:17.100+0200 [DEBUG] [org.gradle.cache.internal.DefaultFileLockManager] Lock acquired on daemon addresses registry.
2022-08-10T20:14:17.100+0200 [DEBUG] [org.gradle.cache.internal.DefaultFileLockManager] Releasing lock on daemon addresses registry.
2022-08-10T20:14:17.101+0200 [DEBUG] [org.gradle.cache.internal.DefaultFileLockManager] Waiting to acquire shared lock on daemon addresses registry.
2022-08-10T20:14:17.101+0200 [DEBUG] [org.gradle.cache.internal.DefaultFileLockManager] Lock acquired on daemon addresses registry.
2022-08-10T20:14:17.101+0200 [DEBUG] [org.gradle.cache.internal.DefaultFileLockManager] Releasing lock on daemon addresses registry.
2022-08-10T20:14:24.251+0200 [DEBUG] [org.gradle.internal.remote.internal.inet.TcpIncomingConnector] Accepted connection from /127.0.0.1:57230 to /127.0.0.1:46069.
2022-08-10T20:14:24.255+0200 [DEBUG] [org.gradle.launcher.daemon.server.SynchronizedDispatchConnection] thread 139: received class org.gradle.launcher.daemon.protocol.StopWhenIdle
2022-08-10T20:14:24.256+0200 [DEBUG] [org.gradle.launcher.daemon.server.DefaultDaemonConnection] thread 139: Received non-IO message from client: StopWhenIdle[id=7109c521-cd01-4ec0-8593-b56dab801f89]
2022-08-10T20:14:24.256+0200 [INFO] [org.gradle.launcher.daemon.server.DefaultIncomingConnectionHandler] Received command: StopWhenIdle[id=7109c521-cd01-4ec0-8593-b56dab801f89].
2022-08-10T20:14:24.256+0200 [DEBUG] [org.gradle.launcher.daemon.server.DefaultIncomingConnectionHandler] Starting executing command: StopWhenIdle[id=7109c521-cd01-4ec0-8593-b56dab801f89] with connection: socket connection from /127.0.0.1:46069 to /127.0.0.1:57230.
2022-08-10T20:14:24.256+0200 [DEBUG] [org.gradle.launcher.daemon.server.DaemonRegistryUpdater] Storing daemon stop event: stop command received
2022-08-10T20:14:24.257+0200 [DEBUG] [org.gradle.launcher.daemon.registry.PersistentDaemonRegistry] Storing daemon stop event with timestamp 1660155264257
2022-08-10T20:14:24.257+0200 [DEBUG] [org.gradle.cache.internal.DefaultFileLockManager] Waiting to acquire exclusive lock on daemon addresses registry.
2022-08-10T20:14:24.258+0200 [DEBUG] [org.gradle.cache.internal.DefaultFileLockManager] Lock acquired on daemon addresses registry.
2022-08-10T20:14:24.258+0200 [DEBUG] [org.gradle.cache.internal.DefaultFileLockManager] Releasing lock on daemon addresses registry.
2022-08-10T20:14:24.258+0200 [LIFECYCLE] [org.gradle.launcher.daemon.server.DaemonStateCoordinator] Daemon will be stopped at the end of the build stop command received
2022-08-10T20:14:24.259+0200 [DEBUG] [org.gradle.launcher.daemon.server.DaemonStateCoordinator] Marking daemon stopped due to stop command received. The daemon is running a build: false
2022-08-10T20:14:24.259+0200 [DEBUG] [org.gradle.launcher.daemon.server.DaemonStateCoordinator] daemon has stopped.
2022-08-10T20:14:24.259+0200 [DEBUG] [org.gradle.launcher.daemon.server.SynchronizedDispatchConnection] thread 20: dispatching Success[value=null]
2022-08-10T20:14:24.259+0200 [DEBUG] [org.gradle.launcher.daemon.server.Daemon] stop() called on daemon
2022-08-10T20:14:24.259+0200 [INFO] [org.gradle.launcher.daemon.server.Daemon] Stop requested. Daemon is removing its presence from the registry...
2022-08-10T20:14:24.259+0200 [DEBUG] [org.gradle.launcher.daemon.server.DefaultIncomingConnectionHandler] Finishing executing command: StopWhenIdle[id=7109c521-cd01-4ec0-8593-b56dab801f89]
2022-08-10T20:14:24.259+0200 [DEBUG] [org.gradle.launcher.daemon.server.SynchronizedDispatchConnection] thread 139: received class org.gradle.launcher.daemon.protocol.Finished
2022-08-10T20:14:24.259+0200 [DEBUG] [org.gradle.launcher.daemon.server.DaemonRegistryUpdater] Removing our presence to clients, eg. removing this address from the registry: [a6a7d745-8640-43cd-bd32-578a8c92885a port:46069, addresses:[localhost/127.0.0.1]]
2022-08-10T20:14:24.259+0200 [DEBUG] [org.gradle.launcher.daemon.server.DefaultDaemonConnection] thread 139: Received non-IO message from client: org.gradle.launcher.daemon.protocol.Finished@28735f
2022-08-10T20:14:24.260+0200 [DEBUG] [org.gradle.launcher.daemon.registry.PersistentDaemonRegistry] Removing daemon address: [a6a7d745-8640-43cd-bd32-578a8c92885a port:46069, addresses:[localhost/127.0.0.1]]
2022-08-10T20:14:24.260+0200 [DEBUG] [org.gradle.launcher.daemon.server.DefaultIncomingConnectionHandler] Received finished message: org.gradle.launcher.daemon.protocol.Finished@28735f
2022-08-10T20:14:24.260+0200 [DEBUG] [org.gradle.internal.remote.internal.inet.SocketConnection] Discarding EOFException: java.io.EOFException
2022-08-10T20:14:24.260+0200 [DEBUG] [org.gradle.launcher.daemon.server.SynchronizedDispatchConnection] thread 20: stopping connection
2022-08-10T20:14:24.260+0200 [DEBUG] [org.gradle.launcher.daemon.server.SynchronizedDispatchConnection] thread 139: received null
2022-08-10T20:14:24.260+0200 [DEBUG] [org.gradle.cache.internal.DefaultFileLockManager] Waiting to acquire exclusive lock on daemon addresses registry.
2022-08-10T20:14:24.260+0200 [DEBUG] [org.gradle.launcher.daemon.server.DefaultDaemonConnection] thread 139: Received end-of-input from client.
2022-08-10T20:14:24.260+0200 [DEBUG] [org.gradle.cache.internal.DefaultFileLockManager] Lock acquired on daemon addresses registry.
2022-08-10T20:14:24.260+0200 [DEBUG] [org.gradle.launcher.daemon.server.SynchronizedDispatchConnection] thread 20: stopping connection
2022-08-10T20:14:24.261+0200 [DEBUG] [org.gradle.cache.internal.DefaultFileLockManager] Releasing lock on daemon addresses registry.
2022-08-10T20:14:24.261+0200 [DEBUG] [org.gradle.launcher.daemon.server.DaemonRegistryUpdater] Address removed from registry.
2022-08-10T20:14:24.262+0200 [DEBUG] [org.gradle.cache.internal.LockOnDemandCrossProcessCacheAccess] Releasing file lock for jars (/home/mama/Documents/vfbgbg/jiii/jjioooop/NatureCollection/gradle/caches/jars-9)
2022-08-10T20:14:24.262+0200 [DEBUG] [org.gradle.cache.internal.DefaultFileLockManager] Releasing lock on jars (/home/mama/Documents/vfbgbg/jiii/jjioooop/NatureCollection/gradle/caches/jars-9).
2022-08-10T20:14:24.262+0200 [DEBUG] [org.gradle.cache.internal.DefaultPersistentDirectoryStore] jars (/home/mama/Documents/vfbgbg/jiii/jjioooop/NatureCollection/gradle/caches/jars-9) has last been fully cleaned up 22 hours ago
2022-08-10T20:14:24.264+0200 [DEBUG] [org.gradle.cache.internal.LockOnDemandCrossProcessCacheAccess] Releasing file lock for file content cache (/home/mama/Documents/vfbgbg/jiii/jjioooop/NatureCollection/gradle/caches/7.3.3/fileContent)
2022-08-10T20:14:24.264+0200 [DEBUG] [org.gradle.cache.internal.DefaultFileLockManager] Releasing lock on file content cache (/home/mama/Documents/vfbgbg/jiii/jjioooop/NatureCollection/gradle/caches/7.3.3/fileContent).
2022-08-10T20:14:24.265+0200 [DEBUG] [org.gradle.internal.watch.vfs.impl.WatchingVirtualFileSystem] Closing VFS, dropping state
2022-08-10T20:14:24.266+0200 [DEBUG] [org.gradle.internal.watch.registry.impl.DefaultFileWatcherRegistry] Finished listening to file system change events
2022-08-10T20:14:24.266+0200 [DEBUG] [org.gradle.cache.internal.LockOnDemandCrossProcessCacheAccess] Releasing file lock for Artifact transforms cache (/home/mama/Documents/vfbgbg/jiii/jjioooop/NatureCollection/gradle/caches/transforms-3)
2022-08-10T20:14:24.266+0200 [DEBUG] [org.gradle.cache.internal.DefaultFileLockManager] Releasing lock on Artifact transforms cache (/home/mama/Documents/vfbgbg/jiii/jjioooop/NatureCollection/gradle/caches/transforms-3).
2022-08-10T20:14:24.266+0200 [DEBUG] [org.gradle.cache.internal.DefaultPersistentDirectoryStore] Artifact transforms cache (/home/mama/Documents/vfbgbg/jiii/jjioooop/NatureCollection/gradle/caches/transforms-3) has last been fully cleaned up 22 hours ago
2022-08-10T20:14:24.266+0200 [DEBUG] [org.gradle.cache.internal.LockOnDemandCrossProcessCacheAccess] Releasing file lock for artifact cache (/home/mama/Documents/vfbgbg/jiii/jjioooop/NatureCollection/gradle/caches/modules-2)
2022-08-10T20:14:24.267+0200 [DEBUG] [org.gradle.cache.internal.btree.BTreePersistentIndexedCache] Closing cache module-metadata.bin (/home/mama/Documents/vfbgbg/jiii/jjioooop/NatureCollection/gradle/caches/modules-2/metadata-2.97/module-metadata.bin)
2022-08-10T20:14:24.267+0200 [DEBUG] [org.gradle.cache.internal.btree.BTreePersistentIndexedCache] Closing cache module-artifact.bin (/home/mama/Documents/vfbgbg/jiii/jjioooop/NatureCollection/gradle/caches/modules-2/metadata-2.97/module-artifact.bin)
2022-08-10T20:14:24.267+0200 [DEBUG] [org.gradle.cache.internal.btree.BTreePersistentIndexedCache] Closing cache module-artifacts.bin (/home/mama/Documents/vfbgbg/jiii/jjioooop/NatureCollection/gradle/caches/modules-2/metadata-2.97/module-artifacts.bin)
2022-08-10T20:14:24.267+0200 [DEBUG] [org.gradle.cache.internal.DefaultFileLockManager] Releasing lock on artifact cache (/home/mama/Documents/vfbgbg/jiii/jjioooop/NatureCollection/gradle/caches/modules-2).
2022-08-10T20:14:24.267+0200 [DEBUG] [org.gradle.cache.internal.DefaultPersistentDirectoryStore] artifact cache (/home/mama/Documents/vfbgbg/jiii/jjioooop/NatureCollection/gradle/caches/modules-2) has last been fully cleaned up 22 hours ago
2022-08-10T20:14:24.268+0200 [DEBUG] [org.gradle.cache.internal.LockOnDemandCrossProcessCacheAccess] Releasing file lock for journal cache (/home/mama/Documents/vfbgbg/jiii/jjioooop/NatureCollection/gradle/caches/journal-1)
2022-08-10T20:14:24.268+0200 [DEBUG] [org.gradle.cache.internal.btree.BTreePersistentIndexedCache] Closing cache file-access.bin (/home/mama/Documents/vfbgbg/jiii/jjioooop/NatureCollection/gradle/caches/journal-1/file-access.bin)
2022-08-10T20:14:24.268+0200 [DEBUG] [org.gradle.cache.internal.DefaultFileLockManager] Releasing lock on journal cache (/home/mama/Documents/vfbgbg/jiii/jjioooop/NatureCollection/gradle/caches/journal-1).
2022-08-10T20:14:24.269+0200 [DEBUG] [org.gradle.cache.internal.LockOnDemandCrossProcessCacheAccess] Releasing file lock for file hash cache (/home/mama/Documents/vfbgbg/jiii/jjioooop/NatureCollection/gradle/caches/7.3.3/fileHashes)
2022-08-10T20:14:24.269+0200 [DEBUG] [org.gradle.cache.internal.btree.BTreePersistentIndexedCache] Closing cache fileHashes.bin (/home/mama/Documents/vfbgbg/jiii/jjioooop/NatureCollection/gradle/caches/7.3.3/fileHashes/fileHashes.bin)
2022-08-10T20:14:24.269+0200 [DEBUG] [org.gradle.cache.internal.btree.BTreePersistentIndexedCache] Closing cache resourceHashesCache.bin (/home/mama/Documents/vfbgbg/jiii/jjioooop/NatureCollection/gradle/caches/7.3.3/fileHashes/resourceHashesCache.bin)
2022-08-10T20:14:24.269+0200 [DEBUG] [org.gradle.cache.internal.DefaultFileLockManager] Releasing lock on file hash cache (/home/mama/Documents/vfbgbg/jiii/jjioooop/NatureCollection/gradle/caches/7.3.3/fileHashes).
2022-08-10T20:14:24.270+0200 [DEBUG] [org.gradle.cache.internal.DefaultCacheAccess] Cache Generated Gradle JARs cache (/home/mama/Documents/vfbgbg/jiii/jjioooop/NatureCollection/gradle/caches/7.3.3/generated-gradle-jars) was closed 0 times.
2022-08-10T20:14:24.270+0200 [DEBUG] [org.gradle.cache.internal.LockOnDemandCrossProcessCacheAccess] Releasing file lock for execution history cache (/home/mama/Documents/vfbgbg/jiii/jjioooop/NatureCollection/gradle/caches/7.3.3/executionHistory)
2022-08-10T20:14:24.270+0200 [DEBUG] [org.gradle.cache.internal.btree.BTreePersistentIndexedCache] Closing cache executionHistory.bin (/home/mama/Documents/vfbgbg/jiii/jjioooop/NatureCollection/gradle/caches/7.3.3/executionHistory/executionHistory.bin)
2022-08-10T20:14:24.270+0200 [DEBUG] [org.gradle.cache.internal.DefaultFileLockManager] Releasing lock on execution history cache (/home/mama/Documents/vfbgbg/jiii/jjioooop/NatureCollection/gradle/caches/7.3.3/executionHistory).
Daemon vm is shutting down... The daemon has exited normally or was terminated in response to a user interrupt.
2022-08-10T20:14:24.271+0200 [DEBUG] [org.gradle.launcher.daemon.registry.PersistentDaemonRegistry] Removing daemon address: [a6a7d745-8640-43cd-bd32-578a8c92885a port:46069, addresses:[localhost/127.0.0.1]]
2022-08-10T20:14:24.272+0200 [DEBUG] [org.gradle.cache.internal.DefaultFileLockManager] Waiting to acquire exclusive lock on daemon addresses registry.
2022-08-10T20:14:24.272+0200 [DEBUG] [org.gradle.cache.internal.DefaultFileLockManager] Lock acquired on daemon addresses registry.
2022-08-10T20:14:24.273+0200 [DEBUG] [org.gradle.cache.internal.DefaultFileLockManager] Releasing lock on daemon addresses registry.
