2022-08-09T22:57:22.672+0200 [DEBUG] [org.gradle.launcher.daemon.bootstrap.DaemonMain] Assuming the daemon was started with following jvm opts: [--add-opens, java.base/java.util=ALL-UNNAMED, --add-opens, java.base/java.lang=ALL-UNNAMED, --add-opens, java.base/java.lang.invoke=ALL-UNNAMED, --add-opens, java.base/java.util=ALL-UNNAMED, --add-opens, java.prefs/java.util.prefs=ALL-UNNAMED, --add-opens, java.prefs/java.util.prefs=ALL-UNNAMED, --add-opens, java.base/java.nio.charset=ALL-UNNAMED, --add-opens, java.base/java.net=ALL-UNNAMED, --add-opens, java.base/java.util.concurrent.atomic=ALL-UNNAMED, -Xmx2048m, -Dfile.encoding=UTF-8, -Duser.country=US, -Duser.language=en, -Duser.variant]
2022-08-09T22:57:22.826+0200 [INFO] [org.gradle.launcher.daemon.server.Daemon] start() called on daemon - DefaultDaemonContext[uid=339918b7-f3cd-49b3-964b-713b469c863c,javaHome=/home/mama/.jdks/openjdk-18,daemonRegistryDir=/home/mama/Documents/vfbgbg/jiii/jjioooop/NatureCollection/gradle/daemon,pid=32332,idleTimeout=10800000,priority=NORMAL,daemonOpts=--add-opens,java.base/java.util=ALL-UNNAMED,--add-opens,java.base/java.lang=ALL-UNNAMED,--add-opens,java.base/java.lang.invoke=ALL-UNNAMED,--add-opens,java.base/java.util=ALL-UNNAMED,--add-opens,java.prefs/java.util.prefs=ALL-UNNAMED,--add-opens,java.prefs/java.util.prefs=ALL-UNNAMED,--add-opens,java.base/java.nio.charset=ALL-UNNAMED,--add-opens,java.base/java.net=ALL-UNNAMED,--add-opens,java.base/java.util.concurrent.atomic=ALL-UNNAMED,-Xmx2048m,-Dfile.encoding=UTF-8,-Duser.country=US,-Duser.language=en,-Duser.variant]
2022-08-09T22:57:22.851+0200 [DEBUG] [org.gradle.internal.remote.internal.inet.InetAddresses] Adding IP addresses for network interface usb0
2022-08-09T22:57:22.851+0200 [DEBUG] [org.gradle.internal.remote.internal.inet.InetAddresses] Is this a loopback interface? false
2022-08-09T22:57:22.851+0200 [DEBUG] [org.gradle.internal.remote.internal.inet.InetAddresses] Adding remote address /fe80:0:0:0:9b92:ad9a:2842:8291%usb0
2022-08-09T22:57:22.852+0200 [DEBUG] [org.gradle.internal.remote.internal.inet.InetAddresses] Adding remote address /192.168.42.157
2022-08-09T22:57:22.852+0200 [DEBUG] [org.gradle.internal.remote.internal.inet.InetAddresses] Adding IP addresses for network interface lo
2022-08-09T22:57:22.852+0200 [DEBUG] [org.gradle.internal.remote.internal.inet.InetAddresses] Is this a loopback interface? true
2022-08-09T22:57:22.853+0200 [DEBUG] [org.gradle.internal.remote.internal.inet.InetAddresses] Adding loopback address /0:0:0:0:0:0:0:1%lo
2022-08-09T22:57:22.853+0200 [DEBUG] [org.gradle.internal.remote.internal.inet.InetAddresses] Adding loopback address /127.0.0.1
2022-08-09T22:57:22.855+0200 [DEBUG] [org.gradle.internal.remote.internal.inet.TcpIncomingConnector] Listening on [f7a45502-cfc8-433f-a216-d1133a4c3d7b port:46681, addresses:[localhost/127.0.0.1]].
2022-08-09T22:57:22.873+0200 [DEBUG] [org.gradle.launcher.daemon.server.Daemon] Daemon starting at: Tue Aug 09 22:57:22 CEST 2022, with address: [f7a45502-cfc8-433f-a216-d1133a4c3d7b port:46681, addresses:[localhost/127.0.0.1]]
2022-08-09T22:57:22.874+0200 [INFO] [org.gradle.launcher.daemon.server.DaemonRegistryUpdater] Advertising the daemon address to the clients: [f7a45502-cfc8-433f-a216-d1133a4c3d7b port:46681, addresses:[localhost/127.0.0.1]]
2022-08-09T22:57:22.874+0200 [DEBUG] [org.gradle.launcher.daemon.server.DaemonRegistryUpdater] Advertised daemon context: DefaultDaemonContext[uid=339918b7-f3cd-49b3-964b-713b469c863c,javaHome=/home/mama/.jdks/openjdk-18,daemonRegistryDir=/home/mama/Documents/vfbgbg/jiii/jjioooop/NatureCollection/gradle/daemon,pid=32332,idleTimeout=10800000,priority=NORMAL,daemonOpts=--add-opens,java.base/java.util=ALL-UNNAMED,--add-opens,java.base/java.lang=ALL-UNNAMED,--add-opens,java.base/java.lang.invoke=ALL-UNNAMED,--add-opens,java.base/java.util=ALL-UNNAMED,--add-opens,java.prefs/java.util.prefs=ALL-UNNAMED,--add-opens,java.prefs/java.util.prefs=ALL-UNNAMED,--add-opens,java.base/java.nio.charset=ALL-UNNAMED,--add-opens,java.base/java.net=ALL-UNNAMED,--add-opens,java.base/java.util.concurrent.atomic=ALL-UNNAMED,-Xmx2048m,-Dfile.encoding=UTF-8,-Duser.country=US,-Duser.language=en,-Duser.variant]
2022-08-09T22:57:22.876+0200 [DEBUG] [org.gradle.launcher.daemon.registry.PersistentDaemonRegistry] Storing daemon address: [f7a45502-cfc8-433f-a216-d1133a4c3d7b port:46681, addresses:[localhost/127.0.0.1]], context: DefaultDaemonContext[uid=339918b7-f3cd-49b3-964b-713b469c863c,javaHome=/home/mama/.jdks/openjdk-18,daemonRegistryDir=/home/mama/Documents/vfbgbg/jiii/jjioooop/NatureCollection/gradle/daemon,pid=32332,idleTimeout=10800000,priority=NORMAL,daemonOpts=--add-opens,java.base/java.util=ALL-UNNAMED,--add-opens,java.base/java.lang=ALL-UNNAMED,--add-opens,java.base/java.lang.invoke=ALL-UNNAMED,--add-opens,java.base/java.util=ALL-UNNAMED,--add-opens,java.prefs/java.util.prefs=ALL-UNNAMED,--add-opens,java.prefs/java.util.prefs=ALL-UNNAMED,--add-opens,java.base/java.nio.charset=ALL-UNNAMED,--add-opens,java.base/java.net=ALL-UNNAMED,--add-opens,java.base/java.util.concurrent.atomic=ALL-UNNAMED,-Xmx2048m,-Dfile.encoding=UTF-8,-Duser.country=US,-Duser.language=en,-Duser.variant]
2022-08-09T22:57:22.885+0200 [DEBUG] [org.gradle.cache.internal.DefaultFileLockManager] Waiting to acquire exclusive lock on daemon addresses registry.
2022-08-09T22:57:22.896+0200 [DEBUG] [org.gradle.cache.internal.DefaultFileLockManager] Lock acquired on daemon addresses registry.
2022-08-09T22:57:22.900+0200 [DEBUG] [org.gradle.cache.internal.DefaultFileLockManager] Releasing lock on daemon addresses registry.
2022-08-09T22:57:22.900+0200 [LIFECYCLE] [org.gradle.launcher.daemon.server.Daemon] Daemon server started.
2022-08-09T22:57:22.902+0200 [DEBUG] [org.gradle.launcher.daemon.bootstrap.DaemonStartupCommunication] Completed writing the daemon greeting. Closing streams...
2022-08-09T22:57:22.906+0200 [DEBUG] [org.gradle.internal.remote.internal.inet.TcpIncomingConnector] Accepted connection from /127.0.0.1:54302 to /127.0.0.1:46681.
2022-08-09T22:57:22.920+0200 [DEBUG] [org.gradle.launcher.daemon.server.Daemon] stopOnExpiration() called on daemon
2022-08-09T22:57:22.921+0200 [DEBUG] [org.gradle.launcher.daemon.server.Daemon] awaitExpiration() called on daemon
2022-08-09T22:57:22.923+0200 [DEBUG] [org.gradle.launcher.daemon.server.DaemonStateCoordinator] daemon is running. Sleeping until state changes.
2022-08-09T22:57:22.937+0200 [DEBUG] [org.gradle.launcher.daemon.server.SynchronizedDispatchConnection] thread 20: received class org.gradle.launcher.daemon.protocol.Build
2022-08-09T22:57:22.938+0200 [DEBUG] [org.gradle.launcher.daemon.server.DefaultDaemonConnection] thread 20: Received non-IO message from client: Build{id=21892224-4612-42c3-b98c-091232075c59, currentDir=/home/mama/Documents/vfbgbg/jiii/jjioooop/NatureCollection}
2022-08-09T22:57:22.938+0200 [INFO] [org.gradle.launcher.daemon.server.DefaultIncomingConnectionHandler] Received command: Build{id=21892224-4612-42c3-b98c-091232075c59, currentDir=/home/mama/Documents/vfbgbg/jiii/jjioooop/NatureCollection}.
2022-08-09T22:57:22.938+0200 [DEBUG] [org.gradle.launcher.daemon.server.DefaultIncomingConnectionHandler] Starting executing command: Build{id=21892224-4612-42c3-b98c-091232075c59, currentDir=/home/mama/Documents/vfbgbg/jiii/jjioooop/NatureCollection} with connection: socket connection from /127.0.0.1:46681 to /127.0.0.1:54302.
2022-08-09T22:57:22.941+0200 [DEBUG] [org.gradle.launcher.daemon.server.DaemonStateCoordinator] Command execution: started DaemonCommandExecution[command = Build{id=21892224-4612-42c3-b98c-091232075c59, currentDir=/home/mama/Documents/vfbgbg/jiii/jjioooop/NatureCollection}, connection = DefaultDaemonConnection: socket connection from /127.0.0.1:46681 to /127.0.0.1:54302] after 0.0 minutes of idle
2022-08-09T22:57:22.941+0200 [INFO] [org.gradle.launcher.daemon.server.DaemonRegistryUpdater] Marking the daemon as busy, address: [f7a45502-cfc8-433f-a216-d1133a4c3d7b port:46681, addresses:[localhost/127.0.0.1]]
2022-08-09T22:57:22.942+0200 [DEBUG] [org.gradle.launcher.daemon.registry.PersistentDaemonRegistry] Marking busy by address: [f7a45502-cfc8-433f-a216-d1133a4c3d7b port:46681, addresses:[localhost/127.0.0.1]]
2022-08-09T22:57:22.942+0200 [DEBUG] [org.gradle.cache.internal.DefaultFileLockManager] Waiting to acquire exclusive lock on daemon addresses registry.
2022-08-09T22:57:22.943+0200 [DEBUG] [org.gradle.cache.internal.DefaultFileLockManager] Lock acquired on daemon addresses registry.
2022-08-09T22:57:22.944+0200 [DEBUG] [org.gradle.cache.internal.DefaultFileLockManager] Releasing lock on daemon addresses registry.
2022-08-09T22:57:22.944+0200 [DEBUG] [org.gradle.launcher.daemon.server.DaemonStateCoordinator] resetting idle timer
2022-08-09T22:57:22.944+0200 [DEBUG] [org.gradle.launcher.daemon.server.DaemonStateCoordinator] daemon is running. Sleeping until state changes.
2022-08-09T22:57:22.945+0200 [INFO] [org.gradle.launcher.daemon.server.exec.StartBuildOrRespondWithBusy] Daemon is about to start building Build{id=21892224-4612-42c3-b98c-091232075c59, currentDir=/home/mama/Documents/vfbgbg/jiii/jjioooop/NatureCollection}. Dispatching build started information...
2022-08-09T22:57:22.945+0200 [DEBUG] [org.gradle.launcher.daemon.server.SynchronizedDispatchConnection] thread 23: dispatching org.gradle.launcher.daemon.protocol.BuildStarted@67a876a2
2022-08-09T22:57:22.946+0200 [DEBUG] [org.gradle.launcher.daemon.server.SynchronizedDispatchConnection] thread 20: received class org.gradle.launcher.daemon.protocol.CloseInput
2022-08-09T22:57:22.947+0200 [DEBUG] [org.gradle.launcher.daemon.server.DefaultDaemonConnection] thread 20: Received IO message from client: org.gradle.launcher.daemon.protocol.CloseInput@1815870f
2022-08-09T22:57:22.947+0200 [DEBUG] [org.gradle.launcher.daemon.server.exec.EstablishBuildEnvironment] Configuring env variables: [PATH, XAUTHORITY, INVOCATION_ID, LC_MEASUREMENT, XMODIFIERS, LC_TELEPHONE, GDMSESSION, XDG_DATA_DIRS, LC_TIME, DBUS_SESSION_BUS_ADDRESS, XDG_CURRENT_DESKTOP, JOURNAL_STREAM, SSH_AGENT_PID, COLORTERM, LC_PAPER, USERNAME, SESSION_MANAGER, LOGNAME, PWD, MANAGERPID, IM_CONFIG_PHASE, GJS_DEBUG_TOPICS, SHELL, LESSOPEN, LC_ADDRESS, OLDPWD, GNOME_DESKTOP_SESSION_ID, GNOME_TERMINAL_SCREEN, GTK_MODULES, LS_COLORS, XDG_SESSION_DESKTOP, SHLVL, LC_IDENTIFICATION, LESSCLOSE, LC_MONETARY, QT_IM_MODULE, JAVA_HOME, TERM, GNOME_TERMINAL_SERVICE, XDG_CONFIG_DIRS, LANG, XDG_SESSION_TYPE, DISPLAY, LC_NAME, _, XDG_SESSION_CLASS, GPG_AGENT_INFO, DESKTOP_SESSION, USER, XDG_MENU_PREFIX, WINDOWPATH, VTE_VERSION, QT_ACCESSIBILITY, GJS_DEBUG_OUTPUT, LC_NUMERIC, SSH_AUTH_SOCK, GNOME_SHELL_SESSION_MODE, XDG_RUNTIME_DIR, HOME]
2022-08-09T22:57:22.951+0200 [DEBUG] [org.gradle.launcher.daemon.server.exec.LogToClient] About to start relaying all logs to the client via the connection.
2022-08-09T22:57:22.951+0200 [INFO] [org.gradle.launcher.daemon.server.exec.LogToClient] The client will now receive all logging from the daemon (pid: 32332). The daemon log file: /home/mama/Documents/vfbgbg/jiii/jjioooop/NatureCollection/gradle/daemon/7.3.3/daemon-32332.out.log
2022-08-09T22:57:22.954+0200 [INFO] [org.gradle.launcher.daemon.server.exec.LogAndCheckHealth] Starting build in new daemon [memory: 2 GiB]
2022-08-09T22:57:22.956+0200 [INFO] [org.gradle.launcher.daemon.server.exec.ForwardClientInput] Closing daemon's stdin at end of input.
2022-08-09T22:57:22.956+0200 [INFO] [org.gradle.launcher.daemon.server.exec.ForwardClientInput] The daemon will no longer process any standard input.
2022-08-09T22:57:22.960+0200 [DEBUG] [org.gradle.launcher.daemon.server.exec.ExecuteBuild] The daemon has started executing the build.
2022-08-09T22:57:22.960+0200 [DEBUG] [org.gradle.launcher.daemon.server.exec.ExecuteBuild] Executing build with daemon context: DefaultDaemonContext[uid=339918b7-f3cd-49b3-964b-713b469c863c,javaHome=/home/mama/.jdks/openjdk-18,daemonRegistryDir=/home/mama/Documents/vfbgbg/jiii/jjioooop/NatureCollection/gradle/daemon,pid=32332,idleTimeout=10800000,priority=NORMAL,daemonOpts=--add-opens,java.base/java.util=ALL-UNNAMED,--add-opens,java.base/java.lang=ALL-UNNAMED,--add-opens,java.base/java.lang.invoke=ALL-UNNAMED,--add-opens,java.base/java.util=ALL-UNNAMED,--add-opens,java.prefs/java.util.prefs=ALL-UNNAMED,--add-opens,java.prefs/java.util.prefs=ALL-UNNAMED,--add-opens,java.base/java.nio.charset=ALL-UNNAMED,--add-opens,java.base/java.net=ALL-UNNAMED,--add-opens,java.base/java.util.concurrent.atomic=ALL-UNNAMED,-Xmx2048m,-Dfile.encoding=UTF-8,-Duser.country=US,-Duser.language=en,-Duser.variant]
w: /home/mama/Documents/vfbgbg/jiii/jjioooop/NatureCollection/app/src/main/java/com/example/naturecollection/fragments/AddPlantFragment.kt: (19, 20): Safe call on a non-null receiver will have nullable type in future releases
w: /home/mama/Documents/vfbgbg/jiii/jjioooop/NatureCollection/app/src/main/java/com/example/naturecollection/fragments/AddPlantFragment.kt: (19, 28): Unnecessary safe call on a non-null receiver of type LayoutInflater
w: /home/mama/Documents/vfbgbg/jiii/jjioooop/NatureCollection/app/src/main/java/com/example/naturecollection/fragments/CollectionFragment.kt: (24, 20): Safe call on a non-null receiver will have nullable type in future releases
w: /home/mama/Documents/vfbgbg/jiii/jjioooop/NatureCollection/app/src/main/java/com/example/naturecollection/fragments/CollectionFragment.kt: (24, 28): Unnecessary safe call on a non-null receiver of type LayoutInflater
w: /home/mama/Documents/vfbgbg/jiii/jjioooop/NatureCollection/app/src/main/java/com/example/naturecollection/fragments/HomeFragment.kt: (21, 20): Safe call on a non-null receiver will have nullable type in future releases
w: /home/mama/Documents/vfbgbg/jiii/jjioooop/NatureCollection/app/src/main/java/com/example/naturecollection/fragments/HomeFragment.kt: (21, 28): Unnecessary safe call on a non-null receiver of type LayoutInflater

BUILD SUCCESSFUL in 23s
36 actionable tasks: 10 executed, 26 up-to-date
2022-08-09T22:57:45.762+0200 [DEBUG] [org.gradle.launcher.daemon.server.exec.ExecuteBuild] The daemon has finished executing the build.
2022-08-09T22:57:45.771+0200 [DEBUG] [org.gradle.launcher.daemon.server.DaemonStateCoordinator] daemon is running. Sleeping until state changes.
2022-08-09T22:57:45.772+0200 [DEBUG] [org.gradle.launcher.daemon.server.DaemonStateCoordinator] Command execution: finished waiting for DaemonCommandExecution[command = Build{id=21892224-4612-42c3-b98c-091232075c59, currentDir=/home/mama/Documents/vfbgbg/jiii/jjioooop/NatureCollection}, connection = DefaultDaemonConnection: socket connection from /127.0.0.1:46681 to /127.0.0.1:54302]. Result org.gradle.launcher.daemon.server.DaemonStateCoordinator@5e52136c with state Busy
2022-08-09T22:57:45.772+0200 [DEBUG] [org.gradle.launcher.daemon.server.DaemonStateCoordinator] Command execution: completed DaemonCommandExecution[command = Build{id=21892224-4612-42c3-b98c-091232075c59, currentDir=/home/mama/Documents/vfbgbg/jiii/jjioooop/NatureCollection}, connection = DefaultDaemonConnection: socket connection from /127.0.0.1:46681 to /127.0.0.1:54302]
2022-08-09T22:57:45.772+0200 [DEBUG] [org.gradle.launcher.daemon.server.DaemonStateCoordinator] resetting idle timer
2022-08-09T22:57:45.772+0200 [INFO] [org.gradle.launcher.daemon.server.DaemonRegistryUpdater] Marking the daemon as idle, address: [f7a45502-cfc8-433f-a216-d1133a4c3d7b port:46681, addresses:[localhost/127.0.0.1]]
2022-08-09T22:57:45.773+0200 [DEBUG] [org.gradle.launcher.daemon.registry.PersistentDaemonRegistry] Marking busy by address: [f7a45502-cfc8-433f-a216-d1133a4c3d7b port:46681, addresses:[localhost/127.0.0.1]]
2022-08-09T22:57:45.773+0200 [DEBUG] [org.gradle.cache.internal.DefaultFileLockManager] Waiting to acquire exclusive lock on daemon addresses registry.
2022-08-09T22:57:45.773+0200 [DEBUG] [org.gradle.cache.internal.DefaultFileLockManager] Lock acquired on daemon addresses registry.
2022-08-09T22:57:45.774+0200 [DEBUG] [org.gradle.cache.internal.DefaultFileLockManager] Releasing lock on daemon addresses registry.
2022-08-09T22:57:45.774+0200 [DEBUG] [org.gradle.launcher.daemon.server.DaemonStateCoordinator] daemon is running. Sleeping until state changes.
2022-08-09T22:57:45.774+0200 [DEBUG] [org.gradle.launcher.daemon.server.exec.ReturnResult] Daemon is dispatching the build result: Success[value=org.gradle.launcher.exec.BuildActionResult@43efe4f2]
2022-08-09T22:57:45.775+0200 [DEBUG] [org.gradle.launcher.daemon.server.SynchronizedDispatchConnection] thread 19: dispatching Success[value=org.gradle.launcher.exec.BuildActionResult@43efe4f2]
2022-08-09T22:57:45.775+0200 [DEBUG] [org.gradle.launcher.daemon.server.DefaultIncomingConnectionHandler] Finishing executing command: Build{id=21892224-4612-42c3-b98c-091232075c59, currentDir=/home/mama/Documents/vfbgbg/jiii/jjioooop/NatureCollection}
2022-08-09T22:57:45.775+0200 [DEBUG] [org.gradle.launcher.daemon.server.SynchronizedDispatchConnection] thread 20: received class org.gradle.launcher.daemon.protocol.Finished
2022-08-09T22:57:45.776+0200 [DEBUG] [org.gradle.launcher.daemon.server.DefaultDaemonConnection] thread 20: Received non-IO message from client: org.gradle.launcher.daemon.protocol.Finished@3f52bb58
2022-08-09T22:57:45.776+0200 [DEBUG] [org.gradle.launcher.daemon.server.DefaultIncomingConnectionHandler] Received finished message: org.gradle.launcher.daemon.protocol.Finished@3f52bb58
2022-08-09T22:57:45.776+0200 [DEBUG] [org.gradle.launcher.daemon.server.SynchronizedDispatchConnection] thread 19: stopping connection
2022-08-09T22:57:45.776+0200 [DEBUG] [org.gradle.internal.remote.internal.inet.SocketConnection] Discarding EOFException: java.io.EOFException
2022-08-09T22:57:45.776+0200 [DEBUG] [org.gradle.launcher.daemon.server.SynchronizedDispatchConnection] thread 20: received null
2022-08-09T22:57:45.776+0200 [DEBUG] [org.gradle.launcher.daemon.server.DefaultDaemonConnection] thread 20: Received end-of-input from client.
2022-08-09T22:57:45.777+0200 [DEBUG] [org.gradle.launcher.daemon.server.SynchronizedDispatchConnection] thread 19: stopping connection
2022-08-09T22:57:52.921+0200 [DEBUG] [org.gradle.cache.internal.DefaultFileLockManager] Waiting to acquire shared lock on daemon addresses registry.
2022-08-09T22:57:52.921+0200 [DEBUG] [org.gradle.cache.internal.DefaultFileLockManager] Lock acquired on daemon addresses registry.
2022-08-09T22:57:52.921+0200 [DEBUG] [org.gradle.cache.internal.DefaultFileLockManager] Releasing lock on daemon addresses registry.
2022-08-09T22:57:52.922+0200 [DEBUG] [org.gradle.cache.internal.DefaultFileLockManager] Waiting to acquire shared lock on daemon addresses registry.
2022-08-09T22:57:52.922+0200 [DEBUG] [org.gradle.cache.internal.DefaultFileLockManager] Lock acquired on daemon addresses registry.
2022-08-09T22:57:52.922+0200 [DEBUG] [org.gradle.cache.internal.DefaultFileLockManager] Releasing lock on daemon addresses registry.
2022-08-09T22:58:02.922+0200 [DEBUG] [org.gradle.cache.internal.DefaultFileLockManager] Waiting to acquire shared lock on daemon addresses registry.
2022-08-09T22:58:02.922+0200 [DEBUG] [org.gradle.cache.internal.DefaultFileLockManager] Lock acquired on daemon addresses registry.
2022-08-09T22:58:02.922+0200 [DEBUG] [org.gradle.cache.internal.DefaultFileLockManager] Releasing lock on daemon addresses registry.
2022-08-09T22:58:02.923+0200 [DEBUG] [org.gradle.cache.internal.DefaultFileLockManager] Waiting to acquire shared lock on daemon addresses registry.
2022-08-09T22:58:02.923+0200 [DEBUG] [org.gradle.cache.internal.DefaultFileLockManager] Lock acquired on daemon addresses registry.
2022-08-09T22:58:02.924+0200 [DEBUG] [org.gradle.cache.internal.DefaultFileLockManager] Releasing lock on daemon addresses registry.
2022-08-09T22:58:02.924+0200 [DEBUG] [org.gradle.cache.internal.DefaultFileLockManager] Waiting to acquire shared lock on daemon addresses registry.
2022-08-09T22:58:02.924+0200 [DEBUG] [org.gradle.cache.internal.DefaultFileLockManager] Lock acquired on daemon addresses registry.
2022-08-09T22:58:02.924+0200 [DEBUG] [org.gradle.cache.internal.DefaultFileLockManager] Releasing lock on daemon addresses registry.
2022-08-09T22:58:05.503+0200 [DEBUG] [sun.rmi.transport.tcp] RMI Scheduler(0): close connection, socket: Socket[addr=localhost/127.0.0.1,port=17080,localport=46932]
2022-08-09T22:58:05.514+0200 [DEBUG] [sun.rmi.transport.tcp] RMI Scheduler(0): close connection, socket: Socket[addr=localhost/127.0.0.1,port=17080,localport=46936]
2022-08-09T22:58:05.597+0200 [DEBUG] [sun.rmi.transport.tcp] RMI TCP Connection(1)-127.0.0.1: (port 40993) connection closed
2022-08-09T22:58:05.597+0200 [DEBUG] [sun.rmi.transport.tcp] RMI TCP Connection(1)-127.0.0.1: close connection, socket: Socket[addr=/127.0.0.1,port=34032,localport=40993]
2022-08-09T22:58:05.598+0200 [DEBUG] [sun.rmi.transport.tcp] RMI TCP Connection(1)-127.0.0.1: socket close: Socket[addr=/127.0.0.1,port=34032,localport=40993]
2022-08-09T22:58:12.922+0200 [DEBUG] [org.gradle.cache.internal.DefaultFileLockManager] Waiting to acquire shared lock on daemon addresses registry.
2022-08-09T22:58:12.922+0200 [DEBUG] [org.gradle.cache.internal.DefaultFileLockManager] Lock acquired on daemon addresses registry.
2022-08-09T22:58:12.923+0200 [DEBUG] [org.gradle.cache.internal.DefaultFileLockManager] Releasing lock on daemon addresses registry.
2022-08-09T22:58:12.924+0200 [DEBUG] [org.gradle.cache.internal.DefaultFileLockManager] Waiting to acquire shared lock on daemon addresses registry.
2022-08-09T22:58:12.924+0200 [DEBUG] [org.gradle.cache.internal.DefaultFileLockManager] Lock acquired on daemon addresses registry.
2022-08-09T22:58:12.924+0200 [DEBUG] [org.gradle.cache.internal.DefaultFileLockManager] Releasing lock on daemon addresses registry.
2022-08-09T22:58:12.925+0200 [DEBUG] [org.gradle.cache.internal.DefaultFileLockManager] Waiting to acquire shared lock on daemon addresses registry.
2022-08-09T22:58:12.925+0200 [DEBUG] [org.gradle.cache.internal.DefaultFileLockManager] Lock acquired on daemon addresses registry.
2022-08-09T22:58:12.926+0200 [DEBUG] [org.gradle.cache.internal.DefaultFileLockManager] Releasing lock on daemon addresses registry.
2022-08-09T22:58:22.922+0200 [DEBUG] [org.gradle.cache.internal.DefaultFileLockManager] Waiting to acquire shared lock on daemon addresses registry.
2022-08-09T22:58:22.922+0200 [DEBUG] [org.gradle.cache.internal.DefaultFileLockManager] Lock acquired on daemon addresses registry.
2022-08-09T22:58:22.923+0200 [DEBUG] [org.gradle.cache.internal.DefaultFileLockManager] Releasing lock on daemon addresses registry.
2022-08-09T22:58:22.923+0200 [DEBUG] [org.gradle.cache.internal.DefaultFileLockManager] Waiting to acquire shared lock on daemon addresses registry.
2022-08-09T22:58:22.924+0200 [DEBUG] [org.gradle.cache.internal.DefaultFileLockManager] Lock acquired on daemon addresses registry.
2022-08-09T22:58:22.924+0200 [DEBUG] [org.gradle.cache.internal.DefaultFileLockManager] Releasing lock on daemon addresses registry.
2022-08-09T22:58:22.925+0200 [DEBUG] [org.gradle.cache.internal.DefaultFileLockManager] Waiting to acquire shared lock on daemon addresses registry.
2022-08-09T22:58:22.925+0200 [DEBUG] [org.gradle.cache.internal.DefaultFileLockManager] Lock acquired on daemon addresses registry.
2022-08-09T22:58:22.925+0200 [DEBUG] [org.gradle.cache.internal.DefaultFileLockManager] Releasing lock on daemon addresses registry.
2022-08-09T22:58:32.922+0200 [DEBUG] [org.gradle.cache.internal.DefaultFileLockManager] Waiting to acquire shared lock on daemon addresses registry.
2022-08-09T22:58:32.922+0200 [DEBUG] [org.gradle.cache.internal.DefaultFileLockManager] Lock acquired on daemon addresses registry.
2022-08-09T22:58:32.923+0200 [DEBUG] [org.gradle.cache.internal.DefaultFileLockManager] Releasing lock on daemon addresses registry.
2022-08-09T22:58:32.923+0200 [DEBUG] [org.gradle.cache.internal.DefaultFileLockManager] Waiting to acquire shared lock on daemon addresses registry.
2022-08-09T22:58:32.924+0200 [DEBUG] [org.gradle.cache.internal.DefaultFileLockManager] Lock acquired on daemon addresses registry.
2022-08-09T22:58:32.924+0200 [DEBUG] [org.gradle.cache.internal.DefaultFileLockManager] Releasing lock on daemon addresses registry.
2022-08-09T22:58:32.924+0200 [DEBUG] [org.gradle.cache.internal.DefaultFileLockManager] Waiting to acquire shared lock on daemon addresses registry.
2022-08-09T22:58:32.925+0200 [DEBUG] [org.gradle.cache.internal.DefaultFileLockManager] Lock acquired on daemon addresses registry.
2022-08-09T22:58:32.925+0200 [DEBUG] [org.gradle.cache.internal.DefaultFileLockManager] Releasing lock on daemon addresses registry.
2022-08-09T22:58:42.922+0200 [DEBUG] [org.gradle.cache.internal.DefaultFileLockManager] Waiting to acquire shared lock on daemon addresses registry.
2022-08-09T22:58:42.922+0200 [DEBUG] [org.gradle.cache.internal.DefaultFileLockManager] Lock acquired on daemon addresses registry.
2022-08-09T22:58:42.923+0200 [DEBUG] [org.gradle.cache.internal.DefaultFileLockManager] Releasing lock on daemon addresses registry.
2022-08-09T22:58:42.923+0200 [DEBUG] [org.gradle.cache.internal.DefaultFileLockManager] Waiting to acquire shared lock on daemon addresses registry.
2022-08-09T22:58:42.924+0200 [DEBUG] [org.gradle.cache.internal.DefaultFileLockManager] Lock acquired on daemon addresses registry.
2022-08-09T22:58:42.924+0200 [DEBUG] [org.gradle.cache.internal.DefaultFileLockManager] Releasing lock on daemon addresses registry.
2022-08-09T22:58:42.924+0200 [DEBUG] [org.gradle.cache.internal.DefaultFileLockManager] Waiting to acquire shared lock on daemon addresses registry.
2022-08-09T22:58:42.925+0200 [DEBUG] [org.gradle.cache.internal.DefaultFileLockManager] Lock acquired on daemon addresses registry.
2022-08-09T22:58:42.925+0200 [DEBUG] [org.gradle.cache.internal.DefaultFileLockManager] Releasing lock on daemon addresses registry.
2022-08-09T22:58:52.922+0200 [DEBUG] [org.gradle.cache.internal.DefaultFileLockManager] Waiting to acquire shared lock on daemon addresses registry.
2022-08-09T22:58:52.922+0200 [DEBUG] [org.gradle.cache.internal.DefaultFileLockManager] Lock acquired on daemon addresses registry.
2022-08-09T22:58:52.923+0200 [DEBUG] [org.gradle.cache.internal.DefaultFileLockManager] Releasing lock on daemon addresses registry.
2022-08-09T22:58:52.923+0200 [DEBUG] [org.gradle.cache.internal.DefaultFileLockManager] Waiting to acquire shared lock on daemon addresses registry.
2022-08-09T22:58:52.923+0200 [DEBUG] [org.gradle.cache.internal.DefaultFileLockManager] Lock acquired on daemon addresses registry.
2022-08-09T22:58:52.924+0200 [DEBUG] [org.gradle.cache.internal.DefaultFileLockManager] Releasing lock on daemon addresses registry.
2022-08-09T22:58:52.924+0200 [DEBUG] [org.gradle.cache.internal.DefaultFileLockManager] Waiting to acquire shared lock on daemon addresses registry.
2022-08-09T22:58:52.924+0200 [DEBUG] [org.gradle.cache.internal.DefaultFileLockManager] Lock acquired on daemon addresses registry.
2022-08-09T22:58:52.925+0200 [DEBUG] [org.gradle.cache.internal.DefaultFileLockManager] Releasing lock on daemon addresses registry.
2022-08-09T22:59:02.922+0200 [DEBUG] [org.gradle.cache.internal.DefaultFileLockManager] Waiting to acquire shared lock on daemon addresses registry.
2022-08-09T22:59:02.922+0200 [DEBUG] [org.gradle.cache.internal.DefaultFileLockManager] Lock acquired on daemon addresses registry.
2022-08-09T22:59:02.922+0200 [DEBUG] [org.gradle.cache.internal.DefaultFileLockManager] Releasing lock on daemon addresses registry.
2022-08-09T22:59:02.922+0200 [DEBUG] [org.gradle.cache.internal.DefaultFileLockManager] Waiting to acquire shared lock on daemon addresses registry.
2022-08-09T22:59:02.922+0200 [DEBUG] [org.gradle.cache.internal.DefaultFileLockManager] Lock acquired on daemon addresses registry.
2022-08-09T22:59:02.923+0200 [DEBUG] [org.gradle.cache.internal.DefaultFileLockManager] Releasing lock on daemon addresses registry.
2022-08-09T22:59:02.923+0200 [DEBUG] [org.gradle.cache.internal.DefaultFileLockManager] Waiting to acquire shared lock on daemon addresses registry.
2022-08-09T22:59:02.923+0200 [DEBUG] [org.gradle.cache.internal.DefaultFileLockManager] Lock acquired on daemon addresses registry.
2022-08-09T22:59:02.923+0200 [DEBUG] [org.gradle.cache.internal.DefaultFileLockManager] Releasing lock on daemon addresses registry.
